0 info it worked if it ends with ok
1 verbose cli [ '/usr/local/bin/node', '/usr/local/bin/npm', 'run', 'dev-sr' ]
2 info using npm@3.8.6
3 info using node@v5.11.0
4 verbose run-script [ 'predev-sr', 'dev-sr', 'postdev-sr' ]
5 info lifecycle readr@0.3.4~predev-sr: readr@0.3.4
6 silly lifecycle readr@0.3.4~predev-sr: no script for predev-sr, continuing
7 info lifecycle readr@0.3.4~dev-sr: readr@0.3.4
8 verbose lifecycle readr@0.3.4~dev-sr: unsafe-perm in lifecycle true
9 verbose lifecycle readr@0.3.4~dev-sr: PATH: /usr/local/lib/node_modules/npm/bin/node-gyp-bin:/Users/liang/dev/readr/node_modules/.bin:/usr/local/bin:/usr/local/bin:/usr/bin:/bin:/usr/sbin:/sbin
10 verbose lifecycle readr@0.3.4~dev-sr: CWD: /Users/liang/dev/readr
11 silly lifecycle readr@0.3.4~dev-sr: Args: [ '-c',
11 silly lifecycle   'BABEL_ENV=hmr nodemon index --webpack & grunt watch:sass & grunt watch:babel' ]
12 silly lifecycle readr@0.3.4~dev-sr: Returned: code: 3  signal: null
13 info lifecycle readr@0.3.4~dev-sr: Failed to exec dev-sr script
14 verbose stack Error: readr@0.3.4 dev-sr: `BABEL_ENV=hmr nodemon index --webpack & grunt watch:sass & grunt watch:babel`
14 verbose stack Exit status 3
14 verbose stack     at EventEmitter.<anonymous> (/usr/local/lib/node_modules/npm/lib/utils/lifecycle.js:239:16)
14 verbose stack     at emitTwo (events.js:100:13)
14 verbose stack     at EventEmitter.emit (events.js:185:7)
14 verbose stack     at ChildProcess.<anonymous> (/usr/local/lib/node_modules/npm/lib/utils/spawn.js:24:14)
14 verbose stack     at emitTwo (events.js:100:13)
14 verbose stack     at ChildProcess.emit (events.js:185:7)
14 verbose stack     at maybeClose (internal/child_process.js:850:16)
14 verbose stack     at Process.ChildProcess._handle.onexit (internal/child_process.js:215:5)
15 verbose pkgid readr@0.3.4
16 verbose cwd /Users/liang/dev/readr
17 error Darwin 15.4.0
18 error argv "/usr/local/bin/node" "/usr/local/bin/npm" "run" "dev-sr"
19 error node v5.11.0
20 error npm  v3.8.6
21 error code ELIFECYCLE
22 error readr@0.3.4 dev-sr: `BABEL_ENV=hmr nodemon index --webpack & grunt watch:sass & grunt watch:babel`
22 error Exit status 3
23 error Failed at the readr@0.3.4 dev-sr script 'BABEL_ENV=hmr nodemon index --webpack & grunt watch:sass & grunt watch:babel'.
23 error Make sure you have the latest version of node.js and npm installed.
23 error If you do, this is most likely a problem with the readr package,
23 error not with npm itself.
23 error Tell the author that this fails on your system:
23 error     BABEL_ENV=hmr nodemon index --webpack & grunt watch:sass & grunt watch:babel
23 error You can get information on how to open an issue for this project with:
23 error     npm bugs readr
23 error Or if that isn't available, you can get their info via:
23 error     npm owner ls readr
23 error There is likely additional logging output above.
24 verbose exit [ 1, true ]
